Time resolution is 1 ps
Block Memory Generator module hdmi_text_controller_tb.hdmi_text_controller_v1_0_inst.hdmi_text_controller_v1_0_AXI_inst.sram0.inst.\native_mem_module.blk_mem_gen_v8_4_5_inst  is using a behavioral model for simulation which will not precisely model memory collision behavior.
blk_mem_gen_v8_4_5 collision detected at time: 260000, Instance: hdmi_text_controller_tb.hdmi_text_controller_v1_0_inst.hdmi_text_controller_v1_0_AXI_inst.sram0.inst.\native_mem_module.blk_mem_gen_v8_4_5_inst , A write address: 0, B  read address: 0
blk_mem_gen_v8_4_5 collision detected at time: 270000, Instance: hdmi_text_controller_tb.hdmi_text_controller_v1_0_inst.hdmi_text_controller_v1_0_AXI_inst.sram0.inst.\native_mem_module.blk_mem_gen_v8_4_5_inst , A write address: 0, B  read address: 0
blk_mem_gen_v8_4_5 collision detected at time: 280000, Instance: hdmi_text_controller_tb.hdmi_text_controller_v1_0_inst.hdmi_text_controller_v1_0_AXI_inst.sram0.inst.\native_mem_module.blk_mem_gen_v8_4_5_inst , A write address: 0, B  read address: 0
blk_mem_gen_v8_4_5 collision detected at time: 290000, Instance: hdmi_text_controller_tb.hdmi_text_controller_v1_0_inst.hdmi_text_controller_v1_0_AXI_inst.sram0.inst.\native_mem_module.blk_mem_gen_v8_4_5_inst , A write address: 0, B  read address: 0
blk_mem_gen_v8_4_5 collision detected at time: 330000, Instance: hdmi_text_controller_tb.hdmi_text_controller_v1_0_inst.hdmi_text_controller_v1_0_AXI_inst.sram0.inst.\native_mem_module.blk_mem_gen_v8_4_5_inst , A write address: 0, B  read address: 0
blk_mem_gen_v8_4_5 collision detected at time: 340000, Instance: hdmi_text_controller_tb.hdmi_text_controller_v1_0_inst.hdmi_text_controller_v1_0_AXI_inst.sram0.inst.\native_mem_module.blk_mem_gen_v8_4_5_inst , A write address: 0, B  read address: 0
blk_mem_gen_v8_4_5 collision detected at time: 350000, Instance: hdmi_text_controller_tb.hdmi_text_controller_v1_0_inst.hdmi_text_controller_v1_0_AXI_inst.sram0.inst.\native_mem_module.blk_mem_gen_v8_4_5_inst , A write address: 0, B  read address: 0
blk_mem_gen_v8_4_5 collision detected at time: 360000, Instance: hdmi_text_controller_tb.hdmi_text_controller_v1_0_inst.hdmi_text_controller_v1_0_AXI_inst.sram0.inst.\native_mem_module.blk_mem_gen_v8_4_5_inst , A write address: 0, B  read address: 0
blk_mem_gen_v8_4_5 collision detected at time: 400000, Instance: hdmi_text_controller_tb.hdmi_text_controller_v1_0_inst.hdmi_text_controller_v1_0_AXI_inst.sram0.inst.\native_mem_module.blk_mem_gen_v8_4_5_inst , A write address: 0, B  read address: 0
blk_mem_gen_v8_4_5 collision detected at time: 410000, Instance: hdmi_text_controller_tb.hdmi_text_controller_v1_0_inst.hdmi_text_controller_v1_0_AXI_inst.sram0.inst.\native_mem_module.blk_mem_gen_v8_4_5_inst , A write address: 0, B  read address: 0
blk_mem_gen_v8_4_5 collision detected at time: 420000, Instance: hdmi_text_controller_tb.hdmi_text_controller_v1_0_inst.hdmi_text_controller_v1_0_AXI_inst.sram0.inst.\native_mem_module.blk_mem_gen_v8_4_5_inst , A write address: 0, B  read address: 0
blk_mem_gen_v8_4_5 collision detected at time: 430000, Instance: hdmi_text_controller_tb.hdmi_text_controller_v1_0_inst.hdmi_text_controller_v1_0_AXI_inst.sram0.inst.\native_mem_module.blk_mem_gen_v8_4_5_inst , A write address: 0, B  read address: 0
blk_mem_gen_v8_4_5 collision detected at time: 470000, Instance: hdmi_text_controller_tb.hdmi_text_controller_v1_0_inst.hdmi_text_controller_v1_0_AXI_inst.sram0.inst.\native_mem_module.blk_mem_gen_v8_4_5_inst , A write address: 0, B  read address: 0
blk_mem_gen_v8_4_5 collision detected at time: 480000, Instance: hdmi_text_controller_tb.hdmi_text_controller_v1_0_inst.hdmi_text_controller_v1_0_AXI_inst.sram0.inst.\native_mem_module.blk_mem_gen_v8_4_5_inst , A write address: 0, B  read address: 0
blk_mem_gen_v8_4_5 collision detected at time: 490000, Instance: hdmi_text_controller_tb.hdmi_text_controller_v1_0_inst.hdmi_text_controller_v1_0_AXI_inst.sram0.inst.\native_mem_module.blk_mem_gen_v8_4_5_inst , A write address: 0, B  read address: 0
blk_mem_gen_v8_4_5 collision detected at time: 500000, Instance: hdmi_text_controller_tb.hdmi_text_controller_v1_0_inst.hdmi_text_controller_v1_0_AXI_inst.sram0.inst.\native_mem_module.blk_mem_gen_v8_4_5_inst , A write address: 0, B  read address: 0
Info: Read back 0x10: 0001fffe
Time: 3540 ns  Iteration: 0  Process: /hdmi_text_controller_tb/Initial269_944  Scope: hdmi_text_controller_tb.TEST_VECTORS  File: d:/ZJUI/ECE385/labs/final/ip_repo/hdmi_controller_1_0/src/hdmi_controller_v1_0_tb.sv Line: 356
Info: Read back 0x14: 001e1e00
Time: 3780 ns  Iteration: 0  Process: /hdmi_text_controller_tb/Initial269_944  Scope: hdmi_text_controller_tb.TEST_VECTORS  File: d:/ZJUI/ECE385/labs/final/ip_repo/hdmi_controller_1_0/src/hdmi_controller_v1_0_tb.sv Line: 359
Saving bitmap 'lab7_2_sim.bmp'.
$finish called at time : 15648350 ns : File "d:/ZJUI/ECE385/labs/final/ip_repo/hdmi_controller_1_0/src/hdmi_controller_v1_0_tb.sv" Line 372
INFO: xsimkernel Simulation Memory Usage: 80984 KB (Peak: 80984 KB), Simulation CPU Usage: 283124 ms
