Copyright 1986-2022 Xilinx, Inc. All Rights Reserved.
------------------------------------------------------------------------------------
| Tool Version : Vivado v.2022.2 (win64) Build 3671981 Fri Oct 14 05:00:03 MDT 2022
| Date         : Sat Apr 27 20:14:40 2024
| Host         : wfy running 64-bit major release  (build 9200)
| Command      : upgrade_ip
| Device       : xc7s50csga324-1
------------------------------------------------------------------------------------

Upgrade Log for IP 'mb_lab7_hdmi_controller_0_2'

1. Summary
----------

SUCCESS in the upgrade of mb_lab7_hdmi_controller_0_2 (xilinx.com:user:hdmi_controller:1.0) from (Rev. 30) to (Rev. 31)






Copyright 1986-2022 Xilinx, Inc. All Rights Reserved.
------------------------------------------------------------------------------------
| Tool Version : Vivado v.2022.2 (win64) Build 3671981 Fri Oct 14 05:00:03 MDT 2022
| Date         : Sat Apr 27 20:14:35 2024
| Host         : wfy running 64-bit major release  (build 9200)
| Command      : upgrade_ip
| Device       : xc7s50csga324-1
------------------------------------------------------------------------------------

Upgrade Log for IP 'hdmi_controller_0'

1. Summary
----------

SUCCESS in the upgrade of hdmi_controller_0 (xilinx.com:user:hdmi_controller:1.0) from (Rev. 30) to (Rev. 31)






Copyright 1986-2022 Xilinx, Inc. All Rights Reserved.
------------------------------------------------------------------------------------
| Tool Version : Vivado v.2022.2 (win64) Build 3671981 Fri Oct 14 05:00:03 MDT 2022
| Date         : Fri Apr 19 19:52:14 2024
| Host         : wfy running 64-bit major release  (build 9200)
| Command      : upgrade_ip
| Device       : xc7s50csga324-1
------------------------------------------------------------------------------------

Upgrade Log for IP 'mb_lab7_hdmi_controller_0_2'

1. Summary
----------

SUCCESS in the upgrade of mb_lab7_hdmi_controller_0_2 (xilinx.com:user:hdmi_controller:1.0) from (Rev. 28) to (Rev. 30)






Copyright 1986-2022 Xilinx, Inc. All Rights Reserved.
------------------------------------------------------------------------------------
| Tool Version : Vivado v.2022.2 (win64) Build 3671981 Fri Oct 14 05:00:03 MDT 2022
| Date         : Fri Apr 19 19:52:12 2024
| Host         : wfy running 64-bit major release  (build 9200)
| Command      : upgrade_ip
| Device       : xc7s50csga324-1
------------------------------------------------------------------------------------

Upgrade Log for IP 'hdmi_controller_0'

1. Summary
----------

SUCCESS in the upgrade of hdmi_controller_0 (xilinx.com:user:hdmi_controller:1.0) from (Rev. 28) to (Rev. 30)






Copyright 1986-2022 Xilinx, Inc. All Rights Reserved.
------------------------------------------------------------------------------------
| Tool Version : Vivado v.2022.2 (win64) Build 3671981 Fri Oct 14 05:00:03 MDT 2022
| Date         : Fri Apr 19 15:52:38 2024
| Host         : wfy running 64-bit major release  (build 9200)
| Command      : upgrade_ip
| Device       : xc7s50csga324-1
------------------------------------------------------------------------------------

Upgrade Log for IP 'mb_lab7_hdmi_controller_0_2'

1. Summary
----------

SUCCESS in the upgrade of mb_lab7_hdmi_controller_0_2 (xilinx.com:user:hdmi_controller:1.0) from (Rev. 27) to (Rev. 28)






Copyright 1986-2022 Xilinx, Inc. All Rights Reserved.
------------------------------------------------------------------------------------
| Tool Version : Vivado v.2022.2 (win64) Build 3671981 Fri Oct 14 05:00:03 MDT 2022
| Date         : Fri Apr 19 15:52:33 2024
| Host         : wfy running 64-bit major release  (build 9200)
| Command      : upgrade_ip
| Device       : xc7s50csga324-1
------------------------------------------------------------------------------------

Upgrade Log for IP 'hdmi_controller_0'

1. Summary
----------

SUCCESS in the upgrade of hdmi_controller_0 (xilinx.com:user:hdmi_controller:1.0) from (Rev. 27) to (Rev. 28)






Copyright 1986-2022 Xilinx, Inc. All Rights Reserved.
------------------------------------------------------------------------------------
| Tool Version : Vivado v.2022.2 (win64) Build 3671981 Fri Oct 14 05:00:03 MDT 2022
| Date         : Mon Apr 15 18:17:39 2024
| Host         : wfy running 64-bit major release  (build 9200)
| Command      : upgrade_ip
| Device       : xc7s50csga324-1
------------------------------------------------------------------------------------

Upgrade Log for IP 'mb_lab7_hdmi_controller_0_2'

1. Summary
----------

SUCCESS in the upgrade of mb_lab7_hdmi_controller_0_2 (xilinx.com:user:hdmi_controller:1.0) from (Rev. 26) to (Rev. 27)






Copyright 1986-2022 Xilinx, Inc. All Rights Reserved.
------------------------------------------------------------------------------------
| Tool Version : Vivado v.2022.2 (win64) Build 3671981 Fri Oct 14 05:00:03 MDT 2022
| Date         : Mon Apr 15 18:17:38 2024
| Host         : wfy running 64-bit major release  (build 9200)
| Command      : upgrade_ip
| Device       : xc7s50csga324-1
------------------------------------------------------------------------------------

Upgrade Log for IP 'hdmi_controller_0'

1. Summary
----------

SUCCESS in the upgrade of hdmi_controller_0 (xilinx.com:user:hdmi_controller:1.0) from (Rev. 26) to (Rev. 27)






Copyright 1986-2022 Xilinx, Inc. All Rights Reserved.
------------------------------------------------------------------------------------
| Tool Version : Vivado v.2022.2 (win64) Build 3671981 Fri Oct 14 05:00:03 MDT 2022
| Date         : Mon Apr 15 18:04:21 2024
| Host         : wfy running 64-bit major release  (build 9200)
| Command      : upgrade_ip
| Device       : xc7s50csga324-1
------------------------------------------------------------------------------------

Upgrade Log for IP 'mb_lab7_hdmi_controller_0_2'

1. Summary
----------

SUCCESS in the upgrade of mb_lab7_hdmi_controller_0_2 (xilinx.com:user:hdmi_controller:1.0) from (Rev. 25) to (Rev. 26)






Copyright 1986-2022 Xilinx, Inc. All Rights Reserved.
------------------------------------------------------------------------------------
| Tool Version : Vivado v.2022.2 (win64) Build 3671981 Fri Oct 14 05:00:03 MDT 2022
| Date         : Mon Apr 15 18:04:19 2024
| Host         : wfy running 64-bit major release  (build 9200)
| Command      : upgrade_ip
| Device       : xc7s50csga324-1
------------------------------------------------------------------------------------

Upgrade Log for IP 'hdmi_controller_0'

1. Summary
----------

SUCCESS in the upgrade of hdmi_controller_0 (xilinx.com:user:hdmi_controller:1.0) from (Rev. 25) to (Rev. 26)






Copyright 1986-2022 Xilinx, Inc. All Rights Reserved.
------------------------------------------------------------------------------------
| Tool Version : Vivado v.2022.2 (win64) Build 3671981 Fri Oct 14 05:00:03 MDT 2022
| Date         : Mon Apr 15 15:03:33 2024
| Host         : wfy running 64-bit major release  (build 9200)
| Command      : upgrade_ip
| Device       : xc7s50csga324-1
------------------------------------------------------------------------------------

Upgrade Log for IP 'mb_lab7_hdmi_controller_0_2'

1. Summary
----------

CAUTION (success, with warnings) in the upgrade of mb_lab7_hdmi_controller_0_2 (xilinx.com:user:hdmi_controller:1.0) from (Rev. 24) to (Rev. 25)

After upgrade, an IP may have parameter and port differences compared to the original customization. Please review the parameters within the IP customization GUI to ensure proper functionality. Also, please review the updated IP instantiation template to ensure proper connectivity, and update your design if required.

2. Connection Warnings
----------------------

Detected external port differences while upgrading 'mb_lab7_hdmi_controller_0_2'. These changes may impact your design.


-Upgraded port 'axi_araddr' width 32 differs from original width 16

-Upgraded port 'axi_awaddr' width 32 differs from original width 16


3. Customization warnings
-------------------------

An attempt to modify the value of disabled parameter 'C_AXI_ADDR_WIDTH' from '32' to '16' has been ignored for IP 'mb_lab7_hdmi_controller_0_2'


4. Debug Commands
-----------------

  The following debug information can be passed to Vivado as Tcl commands,
in order to validate or debug the output of the upgrade flow.
  You may consult any warnings from within this upgrade, and alter or remove
the configuration parameter(s) which caused the warning; then execute the Tcl
commands, and use the IP Customization GUI to verify the IP configuration.

create_ip -vlnv xilinx.com:user:hdmi_controller:1.0 -user_name mb_lab7_hdmi_controller_0_2
set_property -dict "\
  CONFIG.AXI.ADDR_WIDTH {16} \
  CONFIG.AXI.ARUSER_WIDTH {0} \
  CONFIG.AXI.AWUSER_WIDTH {0} \
  CONFIG.AXI.BUSER_WIDTH {0} \
  CONFIG.AXI.CLK_DOMAIN {/clk_wiz_1_clk_out1} \
  CONFIG.AXI.DATA_WIDTH {32} \
  CONFIG.AXI.FREQ_HZ {100000000} \
  CONFIG.AXI.HAS_BRESP {1} \
  CONFIG.AXI.HAS_BURST {0} \
  CONFIG.AXI.HAS_CACHE {0} \
  CONFIG.AXI.HAS_LOCK {0} \
  CONFIG.AXI.HAS_PROT {1} \
  CONFIG.AXI.HAS_QOS {0} \
  CONFIG.AXI.HAS_REGION {0} \
  CONFIG.AXI.HAS_RRESP {1} \
  CONFIG.AXI.HAS_WSTRB {1} \
  CONFIG.AXI.ID_WIDTH {0} \
  CONFIG.AXI.INSERT_VIP {0} \
  CONFIG.AXI.MAX_BURST_LENGTH {1} \
  CONFIG.AXI.NUM_READ_OUTSTANDING {2} \
  CONFIG.AXI.NUM_READ_THREADS {1} \
  CONFIG.AXI.NUM_WRITE_OUTSTANDING {2} \
  CONFIG.AXI.NUM_WRITE_THREADS {1} \
  CONFIG.AXI.PHASE {0.0} \
  CONFIG.AXI.PROTOCOL {AXI4LITE} \
  CONFIG.AXI.READ_WRITE_MODE {READ_WRITE} \
  CONFIG.AXI.RUSER_BITS_PER_BYTE {0} \
  CONFIG.AXI.RUSER_WIDTH {0} \
  CONFIG.AXI.SUPPORTS_NARROW_BURST {0} \
  CONFIG.AXI.WIZ_DATA_WIDTH {32} \
  CONFIG.AXI.WIZ_NUM_REG {4} \
  CONFIG.AXI.WUSER_BITS_PER_BYTE {0} \
  CONFIG.AXI.WUSER_WIDTH {0} \
  CONFIG.AXI_CLK.ASSOCIATED_BUSIF {AXI} \
  CONFIG.AXI_CLK.ASSOCIATED_PORT {} \
  CONFIG.AXI_CLK.ASSOCIATED_RESET {axi_aresetn} \
  CONFIG.AXI_CLK.CLK_DOMAIN {/clk_wiz_1_clk_out1} \
  CONFIG.AXI_CLK.FREQ_HZ {100000000} \
  CONFIG.AXI_CLK.FREQ_TOLERANCE_HZ {0} \
  CONFIG.AXI_CLK.INSERT_VIP {0} \
  CONFIG.AXI_CLK.PHASE {0.0} \
  CONFIG.AXI_RST.INSERT_VIP {0} \
  CONFIG.AXI_RST.POLARITY {ACTIVE_LOW} \
  CONFIG.C_AXI_ADDR_WIDTH {16} \
  CONFIG.C_AXI_BASEADDR {0xFFFFFFFF} \
  CONFIG.C_AXI_DATA_WIDTH {32} \
  CONFIG.C_AXI_HIGHADDR {0x00000000} \
  CONFIG.Component_Name {mb_lab7_hdmi_controller_0_2} \
  CONFIG.HDMI.NUM_READ_OUTSTANDING {} \
  CONFIG.HDMI.NUM_WRITE_OUTSTANDING {} \
  CONFIG.hdmi_clk_n.ASSOCIATED_BUSIF {} \
  CONFIG.hdmi_clk_n.ASSOCIATED_PORT {} \
  CONFIG.hdmi_clk_n.ASSOCIATED_RESET {} \
  CONFIG.hdmi_clk_n.CLK_DOMAIN {} \
  CONFIG.hdmi_clk_n.FREQ_HZ {100000000} \
  CONFIG.hdmi_clk_n.FREQ_TOLERANCE_HZ {0} \
  CONFIG.hdmi_clk_n.INSERT_VIP {0} \
  CONFIG.hdmi_clk_n.PHASE {0.0} \
  CONFIG.hdmi_clk_p.ASSOCIATED_BUSIF {} \
  CONFIG.hdmi_clk_p.ASSOCIATED_PORT {} \
  CONFIG.hdmi_clk_p.ASSOCIATED_RESET {} \
  CONFIG.hdmi_clk_p.CLK_DOMAIN {} \
  CONFIG.hdmi_clk_p.FREQ_HZ {100000000} \
  CONFIG.hdmi_clk_p.FREQ_TOLERANCE_HZ {0} \
  CONFIG.hdmi_clk_p.INSERT_VIP {0} \
  CONFIG.hdmi_clk_p.PHASE {0.0} " [get_ips mb_lab7_hdmi_controller_0_2]







Copyright 1986-2022 Xilinx, Inc. All Rights Reserved.
------------------------------------------------------------------------------------
| Tool Version : Vivado v.2022.2 (win64) Build 3671981 Fri Oct 14 05:00:03 MDT 2022
| Date         : Mon Apr 15 15:03:33 2024
| Host         : wfy running 64-bit major release  (build 9200)
| Command      : upgrade_ip
| Device       : xc7s50csga324-1
------------------------------------------------------------------------------------

Upgrade Log for IP 'hdmi_controller_0'

1. Summary
----------

CAUTION (success, with warnings) in the upgrade of hdmi_controller_0 (xilinx.com:user:hdmi_controller:1.0) from (Rev. 24) to (Rev. 25)

After upgrade, an IP may have parameter and port differences compared to the original customization. Please review the parameters within the IP customization GUI to ensure proper functionality. Also, please review the updated IP instantiation template to ensure proper connectivity, and update your design if required.

2. Connection Warnings
----------------------

Detected external port differences while upgrading 'hdmi_controller_0'. These changes may impact your design.


-Upgraded port 'axi_araddr' width 32 differs from original width 16

-Upgraded port 'axi_awaddr' width 32 differs from original width 16


3. Customization warnings
-------------------------

An attempt to modify the value of disabled parameter 'C_AXI_ADDR_WIDTH' from '32' to '16' has been ignored for IP 'hdmi_controller_0'


4. Debug Commands
-----------------

  The following debug information can be passed to Vivado as Tcl commands,
in order to validate or debug the output of the upgrade flow.
  You may consult any warnings from within this upgrade, and alter or remove
the configuration parameter(s) which caused the warning; then execute the Tcl
commands, and use the IP Customization GUI to verify the IP configuration.

create_ip -vlnv xilinx.com:user:hdmi_controller:1.0 -user_name hdmi_controller_0
set_property -dict "\
  CONFIG.AXI.ADDR_WIDTH {16} \
  CONFIG.AXI.ARUSER_WIDTH {0} \
  CONFIG.AXI.AWUSER_WIDTH {0} \
  CONFIG.AXI.BUSER_WIDTH {0} \
  CONFIG.AXI.CLK_DOMAIN {} \
  CONFIG.AXI.DATA_WIDTH {32} \
  CONFIG.AXI.FREQ_HZ {100000000} \
  CONFIG.AXI.HAS_BRESP {1} \
  CONFIG.AXI.HAS_BURST {0} \
  CONFIG.AXI.HAS_CACHE {0} \
  CONFIG.AXI.HAS_LOCK {0} \
  CONFIG.AXI.HAS_PROT {1} \
  CONFIG.AXI.HAS_QOS {0} \
  CONFIG.AXI.HAS_REGION {0} \
  CONFIG.AXI.HAS_RRESP {1} \
  CONFIG.AXI.HAS_WSTRB {1} \
  CONFIG.AXI.ID_WIDTH {0} \
  CONFIG.AXI.INSERT_VIP {0} \
  CONFIG.AXI.MAX_BURST_LENGTH {1} \
  CONFIG.AXI.NUM_READ_OUTSTANDING {1} \
  CONFIG.AXI.NUM_READ_THREADS {1} \
  CONFIG.AXI.NUM_WRITE_OUTSTANDING {1} \
  CONFIG.AXI.NUM_WRITE_THREADS {1} \
  CONFIG.AXI.PHASE {0.0} \
  CONFIG.AXI.PROTOCOL {AXI4LITE} \
  CONFIG.AXI.READ_WRITE_MODE {READ_WRITE} \
  CONFIG.AXI.RUSER_BITS_PER_BYTE {0} \
  CONFIG.AXI.RUSER_WIDTH {0} \
  CONFIG.AXI.SUPPORTS_NARROW_BURST {0} \
  CONFIG.AXI.WIZ_DATA_WIDTH {32} \
  CONFIG.AXI.WIZ_NUM_REG {4} \
  CONFIG.AXI.WUSER_BITS_PER_BYTE {0} \
  CONFIG.AXI.WUSER_WIDTH {0} \
  CONFIG.AXI_CLK.ASSOCIATED_BUSIF {AXI} \
  CONFIG.AXI_CLK.ASSOCIATED_PORT {} \
  CONFIG.AXI_CLK.ASSOCIATED_RESET {axi_aresetn} \
  CONFIG.AXI_CLK.CLK_DOMAIN {} \
  CONFIG.AXI_CLK.FREQ_HZ {100000000} \
  CONFIG.AXI_CLK.FREQ_TOLERANCE_HZ {0} \
  CONFIG.AXI_CLK.INSERT_VIP {0} \
  CONFIG.AXI_CLK.PHASE {0.0} \
  CONFIG.AXI_RST.INSERT_VIP {0} \
  CONFIG.AXI_RST.POLARITY {ACTIVE_LOW} \
  CONFIG.C_AXI_ADDR_WIDTH {16} \
  CONFIG.C_AXI_BASEADDR {0xFFFFFFFF} \
  CONFIG.C_AXI_DATA_WIDTH {32} \
  CONFIG.C_AXI_HIGHADDR {0x00000000} \
  CONFIG.Component_Name {hdmi_controller_0} \
  CONFIG.HDMI.NUM_READ_OUTSTANDING {} \
  CONFIG.HDMI.NUM_WRITE_OUTSTANDING {} \
  CONFIG.hdmi_clk_n.ASSOCIATED_BUSIF {} \
  CONFIG.hdmi_clk_n.ASSOCIATED_PORT {} \
  CONFIG.hdmi_clk_n.ASSOCIATED_RESET {} \
  CONFIG.hdmi_clk_n.CLK_DOMAIN {} \
  CONFIG.hdmi_clk_n.FREQ_HZ {100000000} \
  CONFIG.hdmi_clk_n.FREQ_TOLERANCE_HZ {0} \
  CONFIG.hdmi_clk_n.INSERT_VIP {0} \
  CONFIG.hdmi_clk_n.PHASE {0.0} \
  CONFIG.hdmi_clk_p.ASSOCIATED_BUSIF {} \
  CONFIG.hdmi_clk_p.ASSOCIATED_PORT {} \
  CONFIG.hdmi_clk_p.ASSOCIATED_RESET {} \
  CONFIG.hdmi_clk_p.CLK_DOMAIN {} \
  CONFIG.hdmi_clk_p.FREQ_HZ {100000000} \
  CONFIG.hdmi_clk_p.FREQ_TOLERANCE_HZ {0} \
  CONFIG.hdmi_clk_p.INSERT_VIP {0} \
  CONFIG.hdmi_clk_p.PHASE {0.0} " [get_ips hdmi_controller_0]







Copyright 1986-2022 Xilinx, Inc. All Rights Reserved.
------------------------------------------------------------------------------------
| Tool Version : Vivado v.2022.2 (win64) Build 3671981 Fri Oct 14 05:00:03 MDT 2022
| Date         : Mon Apr 15 14:56:17 2024
| Host         : wfy running 64-bit major release  (build 9200)
| Command      : upgrade_ip
| Device       : xc7s50csga324-1
------------------------------------------------------------------------------------

Upgrade Log for IP 'mb_lab7_hdmi_controller_0_1'

1. Summary
----------

SUCCESS in the conversion of mb_lab7_hdmi_controller_0_1 (xilinx.com:user:hdmi_controller:1.0 (Rev. 24)) to Vivado generation flows.






Copyright 1986-2022 Xilinx, Inc. All Rights Reserved.
------------------------------------------------------------------------------------
| Tool Version : Vivado v.2022.2 (win64) Build 3671981 Fri Oct 14 05:00:03 MDT 2022
| Date         : Mon Apr 15 14:56:16 2024
| Host         : wfy running 64-bit major release  (build 9200)
| Command      : upgrade_ip
| Device       : xc7s50csga324-1
------------------------------------------------------------------------------------

Upgrade Log for IP 'hdmi_controller_0'

1. Summary
----------

SUCCESS in the conversion of hdmi_controller_0 (xilinx.com:user:hdmi_controller:1.0 (Rev. 24)) to Vivado generation flows.






Copyright 1986-2022 Xilinx, Inc. All Rights Reserved.
------------------------------------------------------------------------------------
| Tool Version : Vivado v.2022.2 (win64) Build 3671981 Fri Oct 14 05:00:03 MDT 2022
| Date         : Mon Apr 15 14:35:13 2024
| Host         : wfy running 64-bit major release  (build 9200)
| Command      : upgrade_ip
| Device       : xc7s50csga324-1
------------------------------------------------------------------------------------

Upgrade Log for IP 'mb_lab7_hdmi_controller_0_0'

1. Summary
----------

SUCCESS in the upgrade of mb_lab7_hdmi_controller_0_0 (xilinx.com:user:hdmi_controller:1.0) from (Rev. 23) to (Rev. 24)






Copyright 1986-2022 Xilinx, Inc. All Rights Reserved.
------------------------------------------------------------------------------------
| Tool Version : Vivado v.2022.2 (win64) Build 3671981 Fri Oct 14 05:00:03 MDT 2022
| Date         : Mon Apr 15 14:35:11 2024
| Host         : wfy running 64-bit major release  (build 9200)
| Command      : upgrade_ip
| Device       : xc7s50csga324-1
------------------------------------------------------------------------------------

Upgrade Log for IP 'hdmi_controller_0'

1. Summary
----------

SUCCESS in the upgrade of hdmi_controller_0 (xilinx.com:user:hdmi_controller:1.0) from (Rev. 23) to (Rev. 24)






Copyright 1986-2022 Xilinx, Inc. All Rights Reserved.
------------------------------------------------------------------------------------
| Tool Version : Vivado v.2022.2 (win64) Build 3671981 Fri Oct 14 05:00:03 MDT 2022
| Date         : Mon Apr 15 13:48:03 2024
| Host         : wfy running 64-bit major release  (build 9200)
| Command      : upgrade_ip
| Device       : xc7s50csga324-1
------------------------------------------------------------------------------------

Upgrade Log for IP 'mb_lab7_hdmi_controller_0_0'

1. Summary
----------

SUCCESS in the upgrade of mb_lab7_hdmi_controller_0_0 (xilinx.com:user:hdmi_controller:1.0) from (Rev. 21) to (Rev. 23)






Copyright 1986-2022 Xilinx, Inc. All Rights Reserved.
------------------------------------------------------------------------------------
| Tool Version : Vivado v.2022.2 (win64) Build 3671981 Fri Oct 14 05:00:03 MDT 2022
| Date         : Mon Apr 15 13:48:03 2024
| Host         : wfy running 64-bit major release  (build 9200)
| Command      : upgrade_ip
| Device       : xc7s50csga324-1
------------------------------------------------------------------------------------

Upgrade Log for IP 'hdmi_controller_0'

1. Summary
----------

SUCCESS in the upgrade of hdmi_controller_0 (xilinx.com:user:hdmi_controller:1.0) from (Rev. 21) to (Rev. 23)






Copyright 1986-2022 Xilinx, Inc. All Rights Reserved.
------------------------------------------------------------------------------------
| Tool Version : Vivado v.2022.2 (win64) Build 3671981 Fri Oct 14 05:00:03 MDT 2022
| Date         : Mon Apr 15 13:29:23 2024
| Host         : wfy running 64-bit major release  (build 9200)
| Command      : upgrade_ip
| Device       : xc7s50csga324-1
------------------------------------------------------------------------------------

Upgrade Log for IP 'mb_lab7_hdmi_controller_0_0'

1. Summary
----------

SUCCESS in the upgrade of mb_lab7_hdmi_controller_0_0 (xilinx.com:user:hdmi_controller:1.0) from (Rev. 20) to (Rev. 21)






Copyright 1986-2022 Xilinx, Inc. All Rights Reserved.
------------------------------------------------------------------------------------
| Tool Version : Vivado v.2022.2 (win64) Build 3671981 Fri Oct 14 05:00:03 MDT 2022
| Date         : Mon Apr 15 13:29:23 2024
| Host         : wfy running 64-bit major release  (build 9200)
| Command      : upgrade_ip
| Device       : xc7s50csga324-1
------------------------------------------------------------------------------------

Upgrade Log for IP 'hdmi_controller_0'

1. Summary
----------

SUCCESS in the upgrade of hdmi_controller_0 (xilinx.com:user:hdmi_controller:1.0) from (Rev. 20) to (Rev. 21)






Copyright 1986-2022 Xilinx, Inc. All Rights Reserved.
------------------------------------------------------------------------------------
| Tool Version : Vivado v.2022.2 (win64) Build 3671981 Fri Oct 14 05:00:03 MDT 2022
| Date         : Sun Apr 14 14:50:02 2024
| Host         : wfy running 64-bit major release  (build 9200)
| Command      : upgrade_ip
| Device       : xc7s50csga324-1
------------------------------------------------------------------------------------

Upgrade Log for IP 'mb_lab7_hdmi_controller_0_0'

1. Summary
----------

SUCCESS in the upgrade of mb_lab7_hdmi_controller_0_0 (xilinx.com:user:hdmi_controller:1.0) from (Rev. 19) to (Rev. 20)






Copyright 1986-2022 Xilinx, Inc. All Rights Reserved.
------------------------------------------------------------------------------------
| Tool Version : Vivado v.2022.2 (win64) Build 3671981 Fri Oct 14 05:00:03 MDT 2022
| Date         : Sun Apr 14 14:50:02 2024
| Host         : wfy running 64-bit major release  (build 9200)
| Command      : upgrade_ip
| Device       : xc7s50csga324-1
------------------------------------------------------------------------------------

Upgrade Log for IP 'hdmi_controller_0'

1. Summary
----------

SUCCESS in the upgrade of hdmi_controller_0 (xilinx.com:user:hdmi_controller:1.0) from (Rev. 19) to (Rev. 20)






Copyright 1986-2022 Xilinx, Inc. All Rights Reserved.
------------------------------------------------------------------------------------
| Tool Version : Vivado v.2022.2 (win64) Build 3671981 Fri Oct 14 05:00:03 MDT 2022
| Date         : Sun Apr 14 14:45:12 2024
| Host         : wfy running 64-bit major release  (build 9200)
| Command      : upgrade_ip
| Device       : xc7s50csga324-1
------------------------------------------------------------------------------------

Upgrade Log for IP 'mb_lab7_hdmi_controller_0_0'

1. Summary
----------

SUCCESS in the upgrade of mb_lab7_hdmi_controller_0_0 (xilinx.com:user:hdmi_controller:1.0) from (Rev. 18) to (Rev. 19)






Copyright 1986-2022 Xilinx, Inc. All Rights Reserved.
------------------------------------------------------------------------------------
| Tool Version : Vivado v.2022.2 (win64) Build 3671981 Fri Oct 14 05:00:03 MDT 2022
| Date         : Sun Apr 14 14:45:11 2024
| Host         : wfy running 64-bit major release  (build 9200)
| Command      : upgrade_ip
| Device       : xc7s50csga324-1
------------------------------------------------------------------------------------

Upgrade Log for IP 'hdmi_controller_0'

1. Summary
----------

SUCCESS in the upgrade of hdmi_controller_0 (xilinx.com:user:hdmi_controller:1.0) from (Rev. 18) to (Rev. 19)






Copyright 1986-2022 Xilinx, Inc. All Rights Reserved.
------------------------------------------------------------------------------------
| Tool Version : Vivado v.2022.2 (win64) Build 3671981 Fri Oct 14 05:00:03 MDT 2022
| Date         : Sun Apr 14 14:45:03 2024
| Host         : wfy running 64-bit major release  (build 9200)
| Command      : upgrade_ip
| Device       : xc7s50csga324-1
------------------------------------------------------------------------------------

Upgrade Log for IP 'mb_lab7_hdmi_controller_0_0'

1. Summary
----------

SUCCESS in the conversion of mb_lab7_hdmi_controller_0_0 (xilinx.com:user:hdmi_controller:1.0 (Rev. 18)) to Vivado generation flows.






Copyright 1986-2022 Xilinx, Inc. All Rights Reserved.
------------------------------------------------------------------------------------
| Tool Version : Vivado v.2022.2 (win64) Build 3671981 Fri Oct 14 05:00:03 MDT 2022
| Date         : Sun Apr 14 14:45:03 2024
| Host         : wfy running 64-bit major release  (build 9200)
| Command      : upgrade_ip
| Device       : xc7s50csga324-1
------------------------------------------------------------------------------------

Upgrade Log for IP 'hdmi_controller_0'

1. Summary
----------

SUCCESS in the conversion of hdmi_controller_0 (xilinx.com:user:hdmi_controller:1.0 (Rev. 18)) to Vivado generation flows.






Copyright 1986-2022 Xilinx, Inc. All Rights Reserved.
------------------------------------------------------------------------------------
| Tool Version : Vivado v.2022.2 (win64) Build 3671981 Fri Oct 14 05:00:03 MDT 2022
| Date         : Sun Apr 14 14:19:43 2024
| Host         : wfy running 64-bit major release  (build 9200)
| Command      : upgrade_ip
| Device       : xc7s50csga324-1
------------------------------------------------------------------------------------

Upgrade Log for IP 'mb_lab7_hdmi_controller_0_0'

1. Summary
----------

CAUTION (success, with warnings) in the upgrade of mb_lab7_hdmi_controller_0_0 (xilinx.com:user:hdmi_controller:1.0) from (Rev. 17) to (Rev. 18)

After upgrade, an IP may have parameter and port differences compared to the original customization. Please review the parameters within the IP customization GUI to ensure proper functionality. Also, please review the updated IP instantiation template to ensure proper connectivity, and update your design if required.

2. Connection Warnings
----------------------

Detected external port differences while upgrading 'mb_lab7_hdmi_controller_0_0'. These changes may impact your design.


-Upgrade has added port 'cursor_x'

-Upgrade has added port 'cursor_y'







Copyright 1986-2022 Xilinx, Inc. All Rights Reserved.
------------------------------------------------------------------------------------
| Tool Version : Vivado v.2022.2 (win64) Build 3671981 Fri Oct 14 05:00:03 MDT 2022
| Date         : Sun Apr 14 14:19:43 2024
| Host         : wfy running 64-bit major release  (build 9200)
| Command      : upgrade_ip
| Device       : xc7s50csga324-1
------------------------------------------------------------------------------------

Upgrade Log for IP 'hdmi_controller_0'

1. Summary
----------

CAUTION (success, with warnings) in the upgrade of hdmi_controller_0 (xilinx.com:user:hdmi_controller:1.0) from (Rev. 17) to (Rev. 18)

After upgrade, an IP may have parameter and port differences compared to the original customization. Please review the parameters within the IP customization GUI to ensure proper functionality. Also, please review the updated IP instantiation template to ensure proper connectivity, and update your design if required.

2. Connection Warnings
----------------------

Detected external port differences while upgrading 'hdmi_controller_0'. These changes may impact your design.


-Upgrade has added port 'cursor_x'

-Upgrade has added port 'cursor_y'







Copyright 1986-2022 Xilinx, Inc. All Rights Reserved.
------------------------------------------------------------------------------------
| Tool Version : Vivado v.2022.2 (win64) Build 3671981 Fri Oct 14 05:00:03 MDT 2022
| Date         : Sat Apr 13 23:20:16 2024
| Host         : wfy running 64-bit major release  (build 9200)
| Command      : upgrade_ip
| Device       : xc7s50csga324-1
------------------------------------------------------------------------------------

Upgrade Log for IP 'mb_lab7_hdmi_controller_0_0'

1. Summary
----------

SUCCESS in the upgrade of mb_lab7_hdmi_controller_0_0 (xilinx.com:user:hdmi_controller:1.0) from (Rev. 16) to (Rev. 17)






Copyright 1986-2022 Xilinx, Inc. All Rights Reserved.
------------------------------------------------------------------------------------
| Tool Version : Vivado v.2022.2 (win64) Build 3671981 Fri Oct 14 05:00:03 MDT 2022
| Date         : Sat Apr 13 23:20:16 2024
| Host         : wfy running 64-bit major release  (build 9200)
| Command      : upgrade_ip
| Device       : xc7s50csga324-1
------------------------------------------------------------------------------------

Upgrade Log for IP 'hdmi_controller_0'

1. Summary
----------

SUCCESS in the upgrade of hdmi_controller_0 (xilinx.com:user:hdmi_controller:1.0) from (Rev. 16) to (Rev. 17)






Copyright 1986-2022 Xilinx, Inc. All Rights Reserved.
------------------------------------------------------------------------------------
| Tool Version : Vivado v.2022.2 (win64) Build 3671981 Fri Oct 14 05:00:03 MDT 2022
| Date         : Sat Apr 13 23:04:29 2024
| Host         : wfy running 64-bit major release  (build 9200)
| Command      : upgrade_ip
| Device       : xc7s50csga324-1
------------------------------------------------------------------------------------

Upgrade Log for IP 'mb_lab7_hdmi_controller_0_0'

1. Summary
----------

SUCCESS in the upgrade of mb_lab7_hdmi_controller_0_0 (xilinx.com:user:hdmi_controller:1.0) from (Rev. 14) to (Rev. 16)






Copyright 1986-2022 Xilinx, Inc. All Rights Reserved.
------------------------------------------------------------------------------------
| Tool Version : Vivado v.2022.2 (win64) Build 3671981 Fri Oct 14 05:00:03 MDT 2022
| Date         : Sat Apr 13 23:04:25 2024
| Host         : wfy running 64-bit major release  (build 9200)
| Command      : upgrade_ip
| Device       : xc7s50csga324-1
------------------------------------------------------------------------------------

Upgrade Log for IP 'hdmi_controller_0'

1. Summary
----------

SUCCESS in the upgrade of hdmi_controller_0 (xilinx.com:user:hdmi_controller:1.0) from (Rev. 14) to (Rev. 16)






Copyright 1986-2022 Xilinx, Inc. All Rights Reserved.
------------------------------------------------------------------------------------
| Tool Version : Vivado v.2022.2 (win64) Build 3671981 Fri Oct 14 05:00:03 MDT 2022
| Date         : Fri Apr 12 23:04:52 2024
| Host         : wfy running 64-bit major release  (build 9200)
| Command      : upgrade_ip
| Device       : xc7s50csga324-1
------------------------------------------------------------------------------------

Upgrade Log for IP 'mb_lab7_hdmi_controller_0_0'

1. Summary
----------

SUCCESS in the upgrade of mb_lab7_hdmi_controller_0_0 (xilinx.com:user:hdmi_controller:1.0) from (Rev. 13) to (Rev. 14)






Copyright 1986-2022 Xilinx, Inc. All Rights Reserved.
------------------------------------------------------------------------------------
| Tool Version : Vivado v.2022.2 (win64) Build 3671981 Fri Oct 14 05:00:03 MDT 2022
| Date         : Fri Apr 12 23:04:52 2024
| Host         : wfy running 64-bit major release  (build 9200)
| Command      : upgrade_ip
| Device       : xc7s50csga324-1
------------------------------------------------------------------------------------

Upgrade Log for IP 'hdmi_controller_0'

1. Summary
----------

SUCCESS in the upgrade of hdmi_controller_0 (xilinx.com:user:hdmi_controller:1.0) from (Rev. 13) to (Rev. 14)






Copyright 1986-2022 Xilinx, Inc. All Rights Reserved.
------------------------------------------------------------------------------------
| Tool Version : Vivado v.2022.2 (win64) Build 3671981 Fri Oct 14 05:00:03 MDT 2022
| Date         : Fri Apr 12 21:58:59 2024
| Host         : wfy running 64-bit major release  (build 9200)
| Command      : upgrade_ip
| Device       : xc7s50csga324-1
------------------------------------------------------------------------------------

Upgrade Log for IP 'mb_lab7_hdmi_controller_0_0'

1. Summary
----------

SUCCESS in the upgrade of mb_lab7_hdmi_controller_0_0 (xilinx.com:user:hdmi_controller:1.0) from (Rev. 12) to (Rev. 13)






Copyright 1986-2022 Xilinx, Inc. All Rights Reserved.
------------------------------------------------------------------------------------
| Tool Version : Vivado v.2022.2 (win64) Build 3671981 Fri Oct 14 05:00:03 MDT 2022
| Date         : Fri Apr 12 21:58:59 2024
| Host         : wfy running 64-bit major release  (build 9200)
| Command      : upgrade_ip
| Device       : xc7s50csga324-1
------------------------------------------------------------------------------------

Upgrade Log for IP 'hdmi_controller_0'

1. Summary
----------

SUCCESS in the upgrade of hdmi_controller_0 (xilinx.com:user:hdmi_controller:1.0) from (Rev. 12) to (Rev. 13)






Copyright 1986-2022 Xilinx, Inc. All Rights Reserved.
------------------------------------------------------------------------------------
| Tool Version : Vivado v.2022.2 (win64) Build 3671981 Fri Oct 14 05:00:03 MDT 2022
| Date         : Fri Apr 12 21:52:35 2024
| Host         : wfy running 64-bit major release  (build 9200)
| Command      : upgrade_ip
| Device       : xc7s50csga324-1
------------------------------------------------------------------------------------

Upgrade Log for IP 'mb_lab7_hdmi_controller_0_0'

1. Summary
----------

SUCCESS in the upgrade of mb_lab7_hdmi_controller_0_0 (xilinx.com:user:hdmi_controller:1.0) from (Rev. 11) to (Rev. 12)






Copyright 1986-2022 Xilinx, Inc. All Rights Reserved.
------------------------------------------------------------------------------------
| Tool Version : Vivado v.2022.2 (win64) Build 3671981 Fri Oct 14 05:00:03 MDT 2022
| Date         : Fri Apr 12 21:52:34 2024
| Host         : wfy running 64-bit major release  (build 9200)
| Command      : upgrade_ip
| Device       : xc7s50csga324-1
------------------------------------------------------------------------------------

Upgrade Log for IP 'hdmi_controller_0'

1. Summary
----------

SUCCESS in the upgrade of hdmi_controller_0 (xilinx.com:user:hdmi_controller:1.0) from (Rev. 11) to (Rev. 12)






Copyright 1986-2022 Xilinx, Inc. All Rights Reserved.
------------------------------------------------------------------------------------
| Tool Version : Vivado v.2022.2 (win64) Build 3671981 Fri Oct 14 05:00:03 MDT 2022
| Date         : Fri Apr 12 21:45:50 2024
| Host         : wfy running 64-bit major release  (build 9200)
| Command      : upgrade_ip
| Device       : xc7s50csga324-1
------------------------------------------------------------------------------------

Upgrade Log for IP 'mb_lab7_hdmi_controller_0_0'

1. Summary
----------

SUCCESS in the upgrade of mb_lab7_hdmi_controller_0_0 (xilinx.com:user:hdmi_controller:1.0) from (Rev. 9) to (Rev. 11)






Copyright 1986-2022 Xilinx, Inc. All Rights Reserved.
------------------------------------------------------------------------------------
| Tool Version : Vivado v.2022.2 (win64) Build 3671981 Fri Oct 14 05:00:03 MDT 2022
| Date         : Fri Apr 12 21:45:48 2024
| Host         : wfy running 64-bit major release  (build 9200)
| Command      : upgrade_ip
| Device       : xc7s50csga324-1
------------------------------------------------------------------------------------

Upgrade Log for IP 'hdmi_controller_0'

1. Summary
----------

SUCCESS in the upgrade of hdmi_controller_0 (xilinx.com:user:hdmi_controller:1.0) from (Rev. 9) to (Rev. 11)






Copyright 1986-2022 Xilinx, Inc. All Rights Reserved.
------------------------------------------------------------------------------------
| Tool Version : Vivado v.2022.2 (win64) Build 3671981 Fri Oct 14 05:00:03 MDT 2022
| Date         : Fri Apr 12 21:22:26 2024
| Host         : wfy running 64-bit major release  (build 9200)
| Command      : upgrade_ip
| Device       : xc7s50csga324-1
------------------------------------------------------------------------------------

Upgrade Log for IP 'mb_lab7_hdmi_controller_0_0'

1. Summary
----------

SUCCESS in the upgrade of mb_lab7_hdmi_controller_0_0 (xilinx.com:user:hdmi_controller:1.0) from (Rev. 8) to (Rev. 9)






Copyright 1986-2022 Xilinx, Inc. All Rights Reserved.
------------------------------------------------------------------------------------
| Tool Version : Vivado v.2022.2 (win64) Build 3671981 Fri Oct 14 05:00:03 MDT 2022
| Date         : Fri Apr 12 21:22:25 2024
| Host         : wfy running 64-bit major release  (build 9200)
| Command      : upgrade_ip
| Device       : xc7s50csga324-1
------------------------------------------------------------------------------------

Upgrade Log for IP 'hdmi_controller_0'

1. Summary
----------

SUCCESS in the upgrade of hdmi_controller_0 (xilinx.com:user:hdmi_controller:1.0) from (Rev. 8) to (Rev. 9)






Copyright 1986-2022 Xilinx, Inc. All Rights Reserved.
------------------------------------------------------------------------------------
| Tool Version : Vivado v.2022.2 (win64) Build 3671981 Fri Oct 14 05:00:03 MDT 2022
| Date         : Fri Apr 12 21:05:54 2024
| Host         : wfy running 64-bit major release  (build 9200)
| Command      : upgrade_ip
| Device       : xc7s50csga324-1
------------------------------------------------------------------------------------

Upgrade Log for IP 'mb_lab7_hdmi_controller_0_0'

1. Summary
----------

SUCCESS in the upgrade of mb_lab7_hdmi_controller_0_0 (xilinx.com:user:hdmi_controller:1.0) from (Rev. 7) to (Rev. 8)






Copyright 1986-2022 Xilinx, Inc. All Rights Reserved.
------------------------------------------------------------------------------------
| Tool Version : Vivado v.2022.2 (win64) Build 3671981 Fri Oct 14 05:00:03 MDT 2022
| Date         : Fri Apr 12 21:05:54 2024
| Host         : wfy running 64-bit major release  (build 9200)
| Command      : upgrade_ip
| Device       : xc7s50csga324-1
------------------------------------------------------------------------------------

Upgrade Log for IP 'hdmi_controller_0'

1. Summary
----------

SUCCESS in the upgrade of hdmi_controller_0 (xilinx.com:user:hdmi_controller:1.0) from (Rev. 7) to (Rev. 8)






Copyright 1986-2022 Xilinx, Inc. All Rights Reserved.
------------------------------------------------------------------------------------
| Tool Version : Vivado v.2022.2 (win64) Build 3671981 Fri Oct 14 05:00:03 MDT 2022
| Date         : Fri Apr 12 20:57:58 2024
| Host         : wfy running 64-bit major release  (build 9200)
| Command      : upgrade_ip
| Device       : xc7s50csga324-1
------------------------------------------------------------------------------------

Upgrade Log for IP 'mb_lab7_hdmi_controller_0_0'

1. Summary
----------

SUCCESS in the upgrade of mb_lab7_hdmi_controller_0_0 (xilinx.com:user:hdmi_controller:1.0) from (Rev. 6) to (Rev. 7)






Copyright 1986-2022 Xilinx, Inc. All Rights Reserved.
------------------------------------------------------------------------------------
| Tool Version : Vivado v.2022.2 (win64) Build 3671981 Fri Oct 14 05:00:03 MDT 2022
| Date         : Fri Apr 12 20:57:54 2024
| Host         : wfy running 64-bit major release  (build 9200)
| Command      : upgrade_ip
| Device       : xc7s50csga324-1
------------------------------------------------------------------------------------

Upgrade Log for IP 'hdmi_controller_0'

1. Summary
----------

SUCCESS in the upgrade of hdmi_controller_0 (xilinx.com:user:hdmi_controller:1.0) from (Rev. 6) to (Rev. 7)






Copyright 1986-2022 Xilinx, Inc. All Rights Reserved.
------------------------------------------------------------------------------------
| Tool Version : Vivado v.2022.2 (win64) Build 3671981 Fri Oct 14 05:00:03 MDT 2022
| Date         : Thu Apr 11 19:43:20 2024
| Host         : wfy running 64-bit major release  (build 9200)
| Command      : upgrade_ip
| Device       : xc7s50csga324-1
------------------------------------------------------------------------------------

Upgrade Log for IP 'mb_lab7_hdmi_controller_0_0'

1. Summary
----------

SUCCESS in the upgrade of mb_lab7_hdmi_controller_0_0 (xilinx.com:user:hdmi_controller:1.0) from (Rev. 5) to (Rev. 6)






Copyright 1986-2022 Xilinx, Inc. All Rights Reserved.
------------------------------------------------------------------------------------
| Tool Version : Vivado v.2022.2 (win64) Build 3671981 Fri Oct 14 05:00:03 MDT 2022
| Date         : Mon Apr  8 12:24:10 2024
| Host         : wfy running 64-bit major release  (build 9200)
| Command      : upgrade_ip
| Device       : xc7s50csga324-1
------------------------------------------------------------------------------------

Upgrade Log for IP 'mb_lab7_hdmi_controller_0_0'

1. Summary
----------

SUCCESS in the upgrade of mb_lab7_hdmi_controller_0_0 (xilinx.com:user:hdmi_controller:1.0) from (Rev. 4) to (Rev. 5)

